\BOOKMARK [1][-]{section.1}{\376\377\000N\000a\000t\000a\000n\000a\000e\000l\000\040\000C\000a\000n\000o}{}% 1
\BOOKMARK [2][-]{subsection.1.1}{\376\377\000M\000i\000\040\000b\000e\000l\000l\000o\000\040\000a\000n\000g\000e\000l}{section.1}% 2
\BOOKMARK [2][-]{subsection.1.2}{\376\377\000M\000a\000s\000\040\000a\000l\000t\000a\000s\000\040\000q\000u\000e\000\040\000b\000a\000j\000a\000d\000a\000s}{section.1}% 3
\BOOKMARK [2][-]{subsection.1.3}{\376\377\000M\000o\000r\000r\000i\000t\000a\000s}{section.1}% 4
\BOOKMARK [2][-]{subsection.1.4}{\376\377\000D\000i\000a\000m\000a\000n\000t\000e\000s}{section.1}% 5
\BOOKMARK [2][-]{subsection.1.5}{\376\377\000D\000o\000b\000l\000e\000\040\000v\000a\000s\000o}{section.1}% 6
\BOOKMARK [2][-]{subsection.1.6}{\376\377\000E\000l\000\040\000d\000e\000\040\000l\000a\000\040\000c\000o\000d\000e\000i\000n\000a}{section.1}% 7
\BOOKMARK [2][-]{subsection.1.7}{\376\377\000S\000e\000\040\000M\000u\000r\000i\000o}{section.1}% 8
\BOOKMARK [2][-]{subsection.1.8}{\376\377\000D\000i\000s\000f\000r\000u\000t\000o\000\040\000l\000o\000\040\000m\000a\000l\000o}{section.1}% 9
\BOOKMARK [2][-]{subsection.1.9}{\376\377\000Y\000C\000Q\000V\000M}{section.1}% 10
\BOOKMARK [2][-]{subsection.1.10}{\376\377\000A\000m\000o\000r\000\040\000T\000u\000m\000b\000a\000d\000o}{section.1}% 11
\BOOKMARK [2][-]{subsection.1.11}{\376\377\000P\000r\000e\000s\000i\000d\000e\000n\000t\000e}{section.1}% 12
\BOOKMARK [2][-]{subsection.1.12}{\376\377\000E\000n\000\040\000c\000o\000r\000t\000o}{section.1}% 13
\BOOKMARK [2][-]{subsection.1.13}{\376\377\000M\000e\000\040\000g\000u\000s\000t\000a}{section.1}% 14
\BOOKMARK [2][-]{subsection.1.14}{\376\377\000M\000a\000d\000r\000i\000d}{section.1}% 15
\BOOKMARK [2][-]{subsection.1.15}{\376\377\000C\000o\000m\000p\000a\000\040\000B\000l\000a\000d\000i}{section.1}% 16
\BOOKMARK [2][-]{subsection.1.16}{\376\377\000P\000i\000d\000e\000m\000e\000\040\000l\000a\000\040\000l\000u\000n\000a}{section.1}% 17
\BOOKMARK [1][-]{section.2}{\376\377\000J\000u\000n\000i\000o\000r\000\040\000H}{}% 18
\BOOKMARK [2][-]{subsection.2.1}{\376\377\000E\000l\000l\000a}{section.2}% 19
\BOOKMARK [2][-]{subsection.2.2}{\376\377\000P\000s\000i\000c\000o\000d\000\351\000l\000i\000c\000a}{section.2}% 20
\BOOKMARK [2][-]{subsection.2.3}{\376\377\000C\000o\000m\000o\000\040\000J\000o\000r\000d\000a\000n}{section.2}% 21
\BOOKMARK [2][-]{subsection.2.4}{\376\377\000N\000o\000\040\000m\000e\000\040\000p\000e\000s\000a}{section.2}% 22
\BOOKMARK [2][-]{subsection.2.5}{\376\377\000C\000l\000a\000v\000e\000\040\000A\000l\000i}{section.2}% 23
\BOOKMARK [2][-]{subsection.2.6}{\376\377\000M\000e\000n\000t\000e\000\040\000P\000o\000s\000i\000t\000i\000v\000a}{section.2}% 24
\BOOKMARK [2][-]{subsection.2.7}{\376\377\000Y\000\040\000l\000l\000o\000r\000o}{section.2}% 25
\BOOKMARK [2][-]{subsection.2.8}{\376\377\000L\000a\000\040\000c\000h\000e\000r\000r\000y}{section.2}% 26
\BOOKMARK [2][-]{subsection.2.9}{\376\377\000A\000\040\000t\000u\000\040\000n\000o\000m\000b\000r\000e}{section.2}% 27
\BOOKMARK [2][-]{subsection.2.10}{\376\377\000E\000x\000t\000s\000s\000y\000\040\000M\000o\000d\000e\000l}{section.2}% 28
\BOOKMARK [2][-]{subsection.2.11}{\376\377\000S\000e\000\040\000q\000u\000e\000d\000a\000n\000\040\000v\000i\000e\000n\000d\000o}{section.2}% 29
\BOOKMARK [2][-]{subsection.2.12}{\376\377\000S\000e\000\040\000a\000m\000e\000r\000i\000t\000a}{section.2}% 30
\BOOKMARK [1][-]{section.3}{\376\377\000O\000s\000c\000a\000r\000\040\000M\000a\000y\000d\000o\000n}{}% 31
\BOOKMARK [2][-]{subsection.3.1}{\376\377\000M\000a\000d\000o\000n\000n\000a}{section.3}% 32
\BOOKMARK [2][-]{subsection.3.2}{\376\377\000E\000l\000v\000i\000r\000a}{section.3}% 33
\BOOKMARK [1][-]{section.4}{\376\377\000E\000s\000l\000a\000b\000o\000n\000\040\000A\000r\000m\000a\000d\000o}{}% 34
\BOOKMARK [2][-]{subsection.4.1}{\376\377\000C\000o\000n\000\040\000t\000u\000s\000\040\000b\000e\000s\000o\000s}{section.4}% 35
\BOOKMARK [2][-]{subsection.4.2}{\376\377\000M\000e\000\040\000p\000r\000e\000n\000d\000e\000s}{section.4}% 36
\BOOKMARK [2][-]{subsection.4.3}{\376\377\000B\000a\000b\000y}{section.4}% 37
\BOOKMARK [2][-]{subsection.4.4}{\376\377\000L\000a\000\040\000m\000e\000j\000o\000r\000\040\000d\000e\000\040\000t\000o\000d\000a\000s}{section.4}% 38
\BOOKMARK [2][-]{subsection.4.5}{\376\377\000A\000m\000a\000r\000t\000e\000\040\000a\000\040\000l\000a\000\040\000a\000n\000t\000i\000g\000u\000a}{section.4}% 39
\BOOKMARK [1][-]{section.5}{\376\377\000P\000e\000s\000o\000\040\000P\000l\000u\000m\000a}{}% 40
\BOOKMARK [2][-]{subsection.5.1}{\376\377\000P\000a\000n\000c\000a\000k\000e}{section.5}% 41
\BOOKMARK [2][-]{subsection.5.2}{\376\377\000N\000u\000e\000v\000a\000\040\000V\000i\000d\000a}{section.5}% 42
\BOOKMARK [2][-]{subsection.5.3}{\376\377\000R\000o\000s\000a\000\040\000P\000a\000s\000t\000e\000l}{section.5}% 43
\BOOKMARK [1][-]{section.6}{\376\377\000T\000i\000t\000o\000\040\000d\000o\000b\000l\000e\000\040\000P}{}% 44
\BOOKMARK [2][-]{subsection.6.1}{\376\377\000R\000o\000s\000o\000n\000e\000s}{section.6}% 45
\BOOKMARK [2][-]{subsection.6.2}{\376\377\0005\000-\0007}{section.6}% 46
\BOOKMARK [2][-]{subsection.6.3}{\376\377\000T\000\372\000\040\000s\000i}{section.6}% 47
\BOOKMARK [1][-]{section.7}{\376\377\000M\000a\000r\000c\000a\000\040\000M\000P}{}% 48
\BOOKMARK [2][-]{subsection.7.1}{\376\377\000T\000e\000\040\000p\000r\000e\000s\000u\000m\000o}{section.7}% 49
\BOOKMARK [2][-]{subsection.7.2}{\376\377\000R\000e\000c\000u\000e\000r\000d\000a}{section.7}% 50
\BOOKMARK [1][-]{section.8}{\376\377\000D\000a\000n\000n\000y\000L\000u\000x}{}% 51
\BOOKMARK [2][-]{subsection.8.1}{\376\377\000G\000r\000a\000c\000i\000a\000s\000\040\000a\000\040\000t\000i}{section.8}% 52
\BOOKMARK [2][-]{subsection.8.2}{\376\377\000M\000e\000\040\000v\000o\000y\000\040\000c\000o\000n\000t\000i\000g\000o}{section.8}% 53
\BOOKMARK [1][-]{section.9}{\376\377\000F\000u\000e\000r\000z\000a\000\040\000R\000e\000g\000i\000d\000a}{}% 54
\BOOKMARK [2][-]{subsection.9.1}{\376\377\000T\000u\000\040\000n\000a\000m\000e\000\040}{section.9}% 55
\BOOKMARK [2][-]{subsection.9.2}{\376\377\000E\000x\000c\000e\000s\000o\000s\000\040}{section.9}% 56
\BOOKMARK [2][-]{subsection.9.3}{\376\377\000U\000n\000a\000\040\000c\000e\000r\000v\000e\000z\000a}{section.9}% 57
\BOOKMARK [2][-]{subsection.9.4}{\376\377\000M\000e\000\040\000a\000c\000o\000s\000t\000u\000m\000b\000r\000e\000\040\000a\000\040\000l\000o\000\040\000b\000u\000e\000n\000o}{section.9}% 58
\BOOKMARK [2][-]{subsection.9.5}{\376\377\000M\000e\000\040\000j\000a\000l\000o}{section.9}% 59
\BOOKMARK [2][-]{subsection.9.6}{\376\377\000I\000n\000m\000o\000r\000t\000a\000l}{section.9}% 60
\BOOKMARK [2][-]{subsection.9.7}{\376\377\000Q\000u\000\351\000\040\000o\000n\000d\000a}{section.9}% 61
\BOOKMARK [1][-]{section.10}{\376\377\000D\000a\000n\000n\000y\000\040\000F\000e\000l\000i\000x}{}% 62
\BOOKMARK [2][-]{subsection.10.1}{\376\377\000I\000m\000p\000a\000l\000a\000\040\000T\000u\000m\000b\000a\000d\000o}{section.10}% 63
\BOOKMARK [1][-]{section.11}{\376\377\000V\000a\000l\000e\000n\000t\000i\000n\000\040\000E\000l\000i\000z\000a\000l\000d\000e}{}% 64
\BOOKMARK [2][-]{subsection.11.1}{\376\377\000V\000e\000t\000e\000\040\000y\000a}{section.11}% 65
\BOOKMARK [2][-]{subsection.11.2}{\376\377\000E\000b\000r\000i\000o\000\040\000d\000e\000\040\000a\000m\000o\000r}{section.11}% 66
\BOOKMARK [1][-]{section.12}{\376\377\000A\000r\000i\000e\000l\000\040\000C\000a\000m\000a\000c\000h\000o}{}% 67
\BOOKMARK [2][-]{subsection.12.1}{\376\377\000T\000e\000\040\000m\000e\000t\000i\000s\000t\000e}{section.12}% 68
\BOOKMARK [2][-]{subsection.12.2}{\376\377\000E\000l\000\040\000k\000a\000r\000m\000a}{section.12}% 69
\BOOKMARK [2][-]{subsection.12.3}{\376\377\000Y\000o\000\040\000q\000u\000i\000s\000i\000e\000r\000a\000\040\000e\000n\000t\000r\000a\000r}{section.12}% 70
\BOOKMARK [1][-]{section.13}{\376\377\000U\000l\000i\000c\000e\000s\000\040\000C\000h\000a\000i\000d\000e\000z}{}% 71
\BOOKMARK [2][-]{subsection.13.1}{\376\377\000Q\000u\000e\000\040\000b\000o\000n\000i\000t\000o\000\040\000e\000s\000\040\000q\000u\000e\000r\000e\000r}{section.13}% 72
